-1518.03770329
-1005.27745998
-1429.95149277
-1648.81997037
-1717.86049859
-1681.56773987
-1785.17132776
-1571.74772855
-1668.06416585
-1512.04972298
-1625.36462357
-1542.70470398
-1545.63170835
-1424.24976939
-1726.39319383
-1759.67156837
-1783.03367125
-1428.00970264
-1787.93035215
-1567.53702585
-1623.92289603
-1369.09496485
-1569.22426876
-1536.60505616
-1691.07977875
-1396.38225371
-1812.9554631
-1326.80996005
-1634.74148579
-1699.48407562
-1398.26123471
-1543.78121815
-1303.01191928
-1735.93359339
-1208.86428243
-1437.80781796
-1119.37644873
-1351.06915775
-1230.20941506
-1662.32950869
-1369.01365545
-1574.0280841
-1548.9180117
-739.623319702
-1588.90604256
-1544.6096976
-1275.47517452
-674.832961948
-538.455131013
-1185.10347403
-1155.44387248
-1550.98328834
-1494.86229071
-542.369632747
-1107.3249557
-1020.36038999
-1513.55149402
-135.601193897
-810.455806469
-0.949896076038
-1522.61232982
-1197.19770078
-1142.70420297
-540.656904365
-929.595586888
-1491.32189654
-840.360820241
-821.989777404
-765.168122312
-541.4219756
-271.631939064
-132.577473656
-751.357204218
-1251.53765982
-1058.08339754
-416.08808157
-1038.14373431
-1262.00199895
-1300.57569445
-1.52299789072
-4.82437737256
-140.572953333
-1287.08116531
-1531.77210511
-1443.17803728
-1506.25099503
-1579.47841173
-1565.27266066
-1437.61573603
-1629.23788323
-1511.52660314
-1223.19484776
-1495.24328113
-1501.2884457
-1511.85735141
-1622.28745284
-1521.80043116
-1548.67518935
-1504.63210051
-1503.47470958
-1630.20302066
-1572.15529175
-798.946282335
-1657.50663687
-0.68070389045
-1649.44910564
-1649.59994464
-249.136884681
-411.379803607
-233.108490216
-3.8562160545
-126.282163764
-246.544394376
-250.214970542
-356.962734877
-133.542240193
-133.874627814
-633.410442681
-494.843754935
-132.49420828
-355.543129305
-244.526427818
-121.68278004
-875.673151306
-0.719732091315
-4.442346138
-251.976201499
-240.91524564
-131.209839706
-132.329734658
-246.87489377
-245.055112301
-129.940274725
-229.699230337
-115.314140963
-134.773294018
-339.643993669
-118.148514504
-121.266894878
-131.363561741
-271.260995399
-1.4642769874
-259.392862408
-125.975662633
-0.678913209846
-3.0946192337
-113.98513501
-115.151955744
-244.3006174
-125.401648927
-126.48491322
-128.419647166
-131.149334811
-119.534853813
-127.96548431
-247.516914839
-122.940119693
-304.803644173
-118.31974911
-128.27370651
-131.539359783
-125.888337767
-122.062787044
-128.464180129
-1.43301106605
-248.423554557
-119.610904648
-235.067296025
-0.0938199191046
-124.247585121
-234.617316347
-118.348771776
-119.728907346
-129.097068711
-251.63284955
-132.606586447
-130.89813436
-122.543632201
-127.536732258
-129.136551429
-125.116765691
-305.505383964
-248.354699392
-265.731042275
-231.094372597
-134.358054526
-252.482663471
-121.093291563
-125.183656021
-3.5246116697
-3.3189389853
-122.055377676
-118.339871492
-129.538214814
-223.161251622
-242.967593984
-248.874544317
-229.040154415
-229.147242707
-121.530836427
