-983.11045895
-1167.79253271
-1792.45458633
-1829.92676068
-1531.47731235
-1118.37370918
-1508.29804209
-1617.09182765
-1432.60349059
-1573.63830748
-1528.67040467
-1475.82111092
-1390.98576439
-1698.59036849
-1696.74421454
-1671.52132797
-1467.65381277
-1637.95784819
-1556.37790526
-1679.08489895
-1550.98122335
-1622.18006975
-1606.31949535
-1509.06216125
-1702.70875953
-1663.80567809
-1585.65927712
-1447.57369173
-1505.27544407
-1621.64453838
-1528.96341968
-1623.18144044
-1611.27810059
-1461.26777126
-1476.10503409
-1556.83918064
-1573.20055597
-1507.2371276
-1310.5999307
-1565.25848685
-1465.39870485
-1379.28508876
-1489.89462974
-1398.84027451
-1523.98414029
-1507.99716184
-1487.05155938
-1315.36615019
-1189.5329063
-1219.08620696
-1127.26122483
-1129.19309685
-1137.00771208
-839.952391614
-1079.8045293
-1494.73734422
-913.504743354
-937.689364105
-1072.23498053
-928.207164998
-979.782773424
-948.1883962
-846.07844753
-416.469250611
-551.064361182
-671.500938493
-518.918628449
-799.848790138
-864.503471119
-404.873245417
-974.973386574
-1494.14237873
-1497.90549776
-668.000778639
-560.487731689
-409.190148148
-551.363830644
-650.647416541
-544.736076375
-405.001939767
-1491.96472483
-1246.2103837
-406.165617005
-818.137027408
-410.873956869
-275.688892509
-626.365314359
-401.873281916
-687.680973292
-273.231076627
-397.742875636
-276.228741361
-20.5314675135
-426.165329465
-274.674795038
-138.927629156
-146.494666014
-262.694299406
-15.0928801163
-648.14125085
-258.560644697
-340.140084241
-941.639751036
-8.79404573537
-9.40815930928
-129.976446198
-1033.98437318
-901.170847744
-4.73301950309
-253.333830391
-125.885153494
-258.916620988
-248.591264341
-1058.38814921
-255.679731659
-8.24268680546
-253.525576379
-266.777848922
-530.836848659
-5.73009522039
-117.269243945
-131.960277699
-317.116514088
-138.655029013
-133.659793544
-121.323126352
-376.575370344
-124.084359957
-116.486650384
-239.058218773
-123.579042036
-125.452133751
-131.556475242
-132.597918565
-250.467446914
-127.862318802
-122.833301736
-137.626592435
-124.887601405
-134.554774798
-3.50382916056
-336.948246434
-124.995173011
-122.468369349
-117.290705684
-122.414165209
-119.487950619
-240.749393021
-352.101952985
-122.522463735
-125.909707157
-3.86388305613
-975.109998749
-929.593321033
-122.37571451
-124.135225461
-115.741319647
-121.301339238
-120.675305167
-416.748295789
-2.90755676022
-131.510249271
-358.702144417
-117.170159441
-376.83716979
-282.87149749
-114.686397616
-332.259859496
-119.875661671
-231.13207335
-240.092104777
-132.241615913
-130.323550855
-0.833106387186
-228.167834772
-1.52920538134
-230.725584447
-120.685280957
-249.608523788
-226.261655815
-4.8603442747
-243.255410935
-117.783558805
-121.255269497
-224.627182912
-240.248999065
-122.832476155
-222.716330904
-131.798067577
-123.30428081
-3.47528808827
-124.653369944
-242.634884627
-116.613802348
-245.906121257
-117.839065056
-241.856255996
-118.129755662
-133.515882416
-364.495949024
