-1163.49533007
-1278.11727991
-1485.22544281
-1420.13500771
-1499.8859841
-1153.49533436
-1491.3485583
-1428.06334468
-1347.14886567
-1471.68630115
-1418.85738076
-1309.12282778
-1371.37150848
-1198.23868381
-1329.83545379
-1276.2568629
-1174.87020803
-1366.96735541
-1243.64915373
-1133.06730718
-1089.54773568
-1174.3622768
-912.191293362
-906.53279878
-911.027841819
-1317.69449388
-1278.29659265
-1370.76291994
-1784.38830238
-1392.21577135
-1657.65866618
-978.064614069
-1278.12168742
-1239.83343784
-1795.75293908
-1228.85065517
-1312.27858586
-1433.49012417
-1340.32475633
-1234.99587494
-1389.61624333
-1232.15891139
-1434.60319712
-1245.07056983
-1130.05262028
-1332.64790668
-927.767595083
-978.031106442
-917.48292514
-808.278489465
-1060.52717616
-814.512484589
-1503.20184899
-1495.06520787
-936.524543591
-805.321100353
-982.475340136
-267.382505927
-690.830243781
-1215.76860166
-1496.96677118
-538.030644417
-664.462506593
-801.91466458
-279.731546599
-1245.69375666
-958.508639754
-949.760054743
-568.194592939
-390.225245557
-398.394314039
-401.947313379
-829.697867285
-707.739415736
-399.647872149
-407.000010935
-1320.38096886
-762.826103253
-4.59694029585
-263.185934933
-397.236769541
-133.135163843
-539.855079075
-700.792933783
-129.745098863
-279.201472632
-142.994240117
-272.337309415
-271.135231947
-5.02085284397
-1.25502299574
-130.778455191
-269.401666772
-287.002627117
-130.118639025
-269.619357329
-133.732916163
-1.8233411177
-265.35970633
-264.073954183
-331.085562581
-132.828618725
-268.476486624
-0.26013340739
-293.151708464
-129.772385772
-251.167269564
-270.442457808
-315.231340832
-273.203257723
-135.418365788
-254.459458695
-129.253313888
-126.722849956
-133.158410936
-0.969234569633
-139.952034791
-256.858082746
-134.274217426
-418.405507459
-250.618831119
-130.670733138
-2.71206947204
-383.162247312
-264.733422594
-136.101414362
-2.68381678007
-135.515547749
-260.091356441
-1073.63290973
-368.522165807
-130.527101257
-927.655430199
-124.503008635
-272.447661202
-1010.7638339
-122.656977745
-352.612714032
-403.9318948
-130.098345566
-132.493749879
-131.511601053
-244.700068876
-363.749909664
-363.235090759
-132.285691227
-132.361984893
-127.616532263
-123.363667931
-298.968824283
-127.152404201
-125.3969633
-127.454136064
-116.299684293
-122.644900104
-229.563801483
-124.648741499
-129.417345628
-1.2496699061
-124.320443257
-126.855032714
-131.518072282
-129.145005017
-328.21043325
-132.103914531
-126.578081679
-126.816092651
-254.416933726
-130.107480296
-249.959748446
-129.394786209
-251.624035911
-130.305818057
-115.512669027
-124.802050718
-126.23066643
-1.87011733479
-119.249836573
-3.25346106099
-130.630742755
-121.372095849
-3.00241817508
-2.51905414951
-234.933861048
-134.142790667
-255.066949772
-262.991817642
-126.942789566
-244.556219824
-255.983785279
-485.026324112
-252.992197723
-1.96442243931
-250.426489674
-129.391075368
-128.504731215
-130.057816033
-222.652626361
-132.564875991
-242.600800884
