-1469.94311546
-1149.20930625
-1356.12021448
-1307.72485991
-1559.86508723
-1086.39137015
-1234.17113351
-1110.58923025
-1218.72391747
-1640.58855001
-1775.4330552
-1332.95221617
-1818.33865398
-1781.18717998
-1553.54108285
-1784.6624339
-1725.90377652
-1347.77620684
-1215.00091781
-1216.4007055
-1610.58823571
-1278.77584234
-1436.88260974
-1540.83598589
-1560.29359735
-1516.21574529
-1818.36208331
-1429.8450344
-1599.00899359
-1475.28620853
-1373.10895076
-1311.28304681
-1347.03573412
-1395.17947656
-1337.75667906
-1405.65852465
-1171.55506605
-1299.6713492
-1541.49914319
-1271.58458702
-1442.56182071
-1322.12880171
-1085.44136121
-1062.39318572
-1080.9366808
-931.875847658
-894.749884477
-933.564371564
-1147.73515208
-774.730827328
-768.848511266
-927.429881199
-927.806029858
-827.50513443
-1030.11530599
-792.161939337
-1171.92695754
-1048.35165426
-783.816783489
-805.253119856
-459.468585491
-812.669138872
-816.608935386
-1024.2299344
-1167.93006366
-772.351148812
-659.696684946
-801.024607888
-670.396155907
-529.212763495
-562.298747074
-927.390890812
-673.278749848
-403.846654486
-571.439133087
-802.653485869
-535.668374058
-667.125923866
-272.460029472
-662.640482086
-530.832336343
-1260.15764173
-668.553056986
-400.375416563
-269.264538201
-420.925625858
-755.553733669
-969.426057949
-398.430527108
-397.772593911
-572.781631527
-856.866534131
-673.416884455
-9.20688620368
-395.192007536
-135.624121717
-137.333248201
-286.749322767
-146.942622706
-426.905355967
-7.6501694864
-458.513215578
-302.372990173
-285.66845071
-400.216520733
-258.902918604
-37.322772477
-128.262254572
-133.709816042
-130.698751146
-132.858215145
-130.253458536
-280.716742988
-850.095105188
-264.724074361
-545.029122007
-264.004086407
-128.203396176
-775.056370832
-139.618870577
-277.933295969
-137.165471675
-135.057461717
-403.379722051
-135.445861503
-259.354681834
-135.126619283
-133.681127172
-138.728404838
-147.793714352
-7.158158685
-133.511668676
-778.271813582
-136.327302284
-258.221440662
-290.904793672
-134.744254304
-131.281790077
-123.108978591
-251.379699769
-401.874214874
-250.594874629
-123.759597911
-131.947511189
-276.39005377
-415.681728587
-633.975115206
-1.67094110484
-541.547244564
-121.553978059
-2.82340886189
-356.142712354
-133.920686083
-3.88844097519
-373.314636758
-131.573879673
-126.445582987
-4.61135346984
-258.312600792
-132.560349665
-133.380117415
-139.52641259
-257.031774056
-7.73525740967
-133.179839275
-136.840556712
-130.425336165
-130.203015046
-121.187919052
-265.155819591
-257.769531288
-133.961736536
-267.728545146
-134.813377838
-134.278514258
-237.38468277
-260.204910947
-1.8478415152
-269.698556834
-406.698638547
-135.552667865
-138.143436266
-274.260412746
-258.400403682
-371.354358037
-242.663657537
-131.430963858
-345.880804471
-257.534241072
-0.598663084234
-5.22437097242
-790.765512722
-134.249585062
-266.872894657
-226.102534075
-135.129727347
-268.703313134
-125.929518136
-230.88227638
-134.743251445
