-1192.89115966
-1432.21452575
-1461.10185576
-1344.99322761
-1167.62551487
-1651.84895998
-1380.93089395
-1466.6163447
-1367.91735834
-1358.60081606
-1335.47996144
-1321.14951253
-1273.64846543
-1333.18985549
-1332.51787769
-1296.04287166
-1187.06595766
-1171.41553448
-1230.34736796
-1470.62376793
-1022.74606848
-987.582519976
-1436.54480785
-964.710790738
-1411.06578181
-1172.24406701
-1040.77852801
-1394.849771
-1737.7892081
-1723.76290823
-1527.6046595
-1196.78747974
-1649.57027617
-1278.65604932
-1320.26517639
-1298.10370311
-876.770592261
-1280.82160113
-1305.03293483
-1403.16539614
-1184.81147806
-1404.542408
-1065.53413311
-786.569874795
-1357.23248073
-1409.8534961
-1036.84021401
-948.893069958
-3.53573642656
-1214.90429035
-1256.2424619
-3.56587240191
-805.942595285
-269.47917304
-1050.56948477
-4.14387590353
-785.428605709
-2.29367784046
-990.523523872
-804.396670396
-547.07562432
-577.26856276
-137.559303141
-537.08954697
-542.679957224
-448.608922686
-134.554738386
-276.965307085
-403.682552583
-5.27244275305
-133.283475485
-401.890259433
-141.088599853
-134.300423175
-393.626342573
-408.53561679
-1491.82142313
-131.473729929
-313.790827031
-1.36906966374
-285.691435495
-242.951835917
-131.942763938
-1071.63560738
-1495.85687219
-368.858650589
-122.225448906
-122.404123589
-1280.98953642
-131.193173208
-123.005220657
-260.096985707
-368.940699465
-0.883683976402
-260.670850258
-117.308005782
-1120.95281429
-124.632932983
-128.730638832
-253.405057462
-121.017733548
-128.03322699
-368.062330192
-131.214665719
-130.123847241
-136.762932768
-359.282521223
-116.772648307
-131.133521624
-333.963155226
-128.471452632
-132.113582506
-127.805132591
-252.496205167
-356.871151986
-250.698085871
-246.927460502
-132.559882785
-301.235489304
-1.89665796694
-115.655145092
-123.27846052
-122.987488238
-117.212488878
-132.721124824
-8.07978297864
-330.287530685
-360.016904927
-128.310340523
-128.331174762
-129.140713725
-130.483328649
-115.064997245
-129.362933741
-355.33394862
-351.946568489
-132.306987663
-122.093476827
-126.968827701
-129.770188571
-3.80135718805
-446.279891769
-130.836899355
-127.063753761
-345.208339211
-132.200471212
-338.728879765
-130.655335956
-132.795301485
-238.749693037
-129.683878235
-249.226121777
-121.695702443
-131.165967992
-117.119985659
-130.459542779
-123.2592846
-124.693152635
-243.506704213
-245.703818025
-237.372209568
-114.768395247
-258.035125491
-126.339400658
-116.78284757
-127.876085778
-126.886856529
-222.491159155
-114.562756265
-0.588650416876
-114.078132896
-235.451409258
-119.585234036
-113.599816948
-122.137722836
-244.321931511
-122.352197168
-123.025965836
-347.549632432
-238.264612944
-131.476742667
-0.769295994437
-250.026432246
-240.391905302
-220.186300802
-4.23094147696
-1.94088591339
-1.03787302748
-225.034559158
-131.693281995
-234.33471889
-120.323857445
-270.331627192
-235.278427987
-235.245108959
-125.926401022
-128.099032708
-131.353758421
-128.872946982
-121.085495434
