-1098.24623499
-1475.68930113
-1147.66661183
-1503.56594663
-1611.34198867
-1736.96103466
-1365.21531888
-1597.57125751
-1646.34452708
-1402.47904243
-1518.29881281
-1512.05938281
-1570.19225192
-1677.48648629
-1692.52431244
-1411.09799118
-1590.98671675
-1392.03426704
-1678.08136017
-1697.02997012
-1175.98006298
-1313.93946929
-1565.92399468
-1294.15430427
-1426.30298548
-1610.22233154
-1601.08469306
-1489.47436993
-1610.95777673
-1369.82315916
-1450.70596954
-1620.45927866
-1100.52557469
-1289.19460209
-997.943367769
-1391.89140447
-1362.46448208
-1312.10739093
-1220.65988858
-1276.21361765
-1163.18265779
-1297.95213874
-1089.81190179
-1093.53963597
-1034.44139836
-956.279504914
-929.607454771
-527.962761153
-398.95280055
-660.680262794
-1034.76252264
-938.749085889
-797.949040225
-502.041664758
-1333.31146919
-867.880949697
-276.805836186
-980.236533016
-288.179967714
-825.228411565
-1237.49375569
-826.838369649
-1048.89403249
-537.014249749
-993.355123423
-272.318866141
-530.29631515
-671.537181404
-1097.81353374
-417.2891553
-893.269528005
-902.988577193
-681.008697284
-897.055617623
-831.054022875
-1013.04689975
-942.227254789
-894.738306975
-799.588738302
-611.777636298
-815.394015943
-419.552876063
-144.860335065
-740.911332577
-553.408273622
-538.808111926
-774.379827921
-136.021968333
-5.84819024386
-595.062616538
-723.539694264
-270.780670071
-273.321373147
-404.303479197
-270.747609434
-1283.99062577
-279.666673513
-134.271100981
-134.164165562
-131.59574204
-277.470868671
-540.652385565
-851.235189902
-135.939011932
-271.035364443
-129.93473743
-3.76899071389
-1.76513534166
-1.30392021229
-278.924690594
-268.232828017
-4.38904308864
-552.09411489
-5.08364261467
-4.22334110959
-135.322578938
-132.638686589
-301.37174561
-133.184273912
-136.61833751
-136.898671322
-266.984108395
-270.407423305
-446.471874294
-273.538051736
-131.655426775
-129.774737915
-255.565311409
-266.382837114
-2.49301529431
-380.443597143
-265.0380989
-136.559773378
-127.60856448
-136.934645808
-131.224183855
-132.04336305
-266.019342034
-274.311571507
-131.213751975
-1.61791297238
-134.233555332
-441.064179356
-135.406393322
-1.2634593576
-131.767808788
-132.330838958
-1.83512196782
-124.95927296
-1.28984925494
-1.10833004806
-404.821246595
-2.30844058232
-327.042203685
-4.33091932659
-248.441052339
-1252.03795856
-246.255225159
-1.20038390051
-343.847213079
-248.036022111
-0.842251608222
-124.96924908
-131.462869524
-271.649501922
-2.60273911317
-387.26533266
-284.971458785
-130.797008753
-126.149366959
-256.553823109
-134.726542764
-1.99863783075
-129.996981437
-134.316998041
-268.232665295
-134.348363986
-128.311420712
-133.911632125
-371.516889116
-130.344840684
-123.617793294
-125.341236358
-248.452011196
-121.242302339
-121.389783539
-121.904785297
-133.702615913
-257.988945704
-2.18019347197
-118.641906648
-128.463522416
-410.380312855
-315.525112367
-129.142593817
-131.706407713
-133.843002773
-129.374801778
-352.462851478
-387.815785411
