-1167.77965409
-1039.27657693
-1128.19130034
-1195.00847335
-1511.41211673
-1502.04623383
-1784.63801664
-1783.20631402
-1746.13529493
-1597.62335871
-1654.92135824
-1692.32603263
-1674.29549384
-1587.17531522
-1698.55689053
-1420.64666306
-1352.61544906
-1701.03242938
-1263.89584342
-1554.48832146
-1426.47471113
-1677.1931675
-1486.81524898
-870.744800644
-1765.48453748
-1792.54878968
-1419.37099016
-1259.50010859
-1779.6882669
-1312.76066885
-1682.91188502
-1372.61532965
-1415.59192902
-1396.24612748
-1366.71983485
-1716.00895414
-1337.70323124
-1316.72302524
-1154.29746494
-1088.33575965
-1143.10877661
-1139.46566418
-1229.77275326
-1417.32967718
-1366.5917388
-1662.8910214
-1538.87071449
-1593.33797538
-651.82797191
-911.866272596
-900.81816758
-1096.50635546
-892.676525766
-902.939474961
-896.247565801
-800.247147973
-784.267659961
-1079.32379058
-1141.50323629
-1192.2791379
-673.13885695
-1067.97138083
-1101.39595724
-718.238903133
-698.085707519
-254.918186367
-405.466440516
-146.143053269
-401.132182433
-1665.55826856
-1198.82707035
-138.694551758
-1683.13923638
-404.134533663
-265.261704646
-2.08994378786
-874.230159186
-981.900615948
-1585.22563018
-548.256679861
-892.640589943
-666.948819802
-263.196399329
-3.38415639433
-392.604046104
-2.87501009044
-133.66584877
-404.553517013
-963.075930964
-267.146578805
-702.529206478
-276.704988907
-262.18427513
-1233.54170128
-129.242406625
-0.572345340624
-429.39849547
-271.117348085
-892.939180669
-132.106057495
-3.08983686117
-134.644953014
-132.509558488
-2.28667973047
-555.970355907
-135.452936894
-130.136285224
-572.307783839
-133.618842095
-404.517161939
-131.896870472
-130.069823439
-554.021258632
-265.812749179
-135.094343438
-132.924662833
-134.074474363
-126.025959485
-457.214417089
-130.387454071
-455.556487482
-396.269318445
-454.85329626
-131.093143661
-259.523452322
-254.924303368
-1.70526664007
-395.721932918
-266.589867604
-261.031544472
-257.228292352
-255.876023626
-123.189566152
-124.366509781
-128.910069433
-251.875301433
-125.660197923
-129.611842837
-129.783482366
-127.943845668
-125.606989844
-132.127609595
-2.44576716451
-137.391793336
-0.996306287987
-124.979190713
-244.487339776
-117.760783728
-122.349982957
-0.891142478574
-249.136818084
-126.65822726
-588.567531693
-128.437455751
-114.41196606
-478.938026265
-128.520834494
-124.490750451
-128.612909745
-127.381928255
-0.362315853988
-132.496879771
-130.622770032
-131.423550104
-248.340738577
-2.23738864374
-131.680768113
-251.802482205
-263.383219524
-382.745036275
-127.828237386
-121.192761062
-134.85091283
-249.555604204
-259.852688056
-7.42317160803
-128.981238184
-139.255954808
-258.002232626
-391.059367421
-257.342555725
-129.226135862
-8.61394261907
-132.387392277
-5.52074774169
-127.71900964
-120.411113267
-119.051393832
-4.35109777498
-1311.26012469
-9.90328994794
-129.893360138
-126.848437597
-135.698116907
-135.208527237
-128.978325149
-4.08283812815
-129.893154411
-128.576175133
-132.213844401
