-1491.09494031
-1765.06334622
-1370.68578391
-1238.5356433
-1275.52051163
-1473.98263879
-1700.64379342
-1489.58553503
-982.308430589
-1545.34270707
-1720.10776206
-1065.7743453
-1707.28786672
-1300.9767433
-1329.43317947
-1681.71786084
-1449.50787304
-1301.22170822
-1702.49961618
-1230.33858742
-1365.68104567
-1316.98097443
-1034.45732607
-1046.02606189
-1217.07575993
-1718.46529927
-1584.25814123
-1383.00929734
-1483.04552948
-1132.34935977
-1313.18324393
-1353.22268062
-1590.03589402
-1577.74464855
-1207.98042803
-1022.09964671
-1329.90953307
-1119.12603911
-1160.83412785
-1009.2834222
-1638.53921455
-1323.74208705
-1022.32595193
-978.76071033
-1616.60302273
-1046.60964996
-933.487027248
-1193.12307437
-1325.39263621
-1037.26826414
-1009.78492061
-1028.86901894
-923.523308134
-908.899754791
-660.951282802
-819.868794487
-916.038806415
-1507.12426423
-792.936281631
-1524.40345987
-1503.3107108
-1566.46816079
-909.094561234
-725.300729138
-768.811744214
-655.458596411
-823.812375799
-1511.60084955
-534.301946035
-1142.34466497
-528.049493783
-1228.24778282
-519.097582627
-524.253314593
-661.200933768
-683.096286201
-1044.10354852
-523.747977729
-498.923407974
-523.074276494
-654.482468921
-395.067873923
-490.217359382
-1494.48140298
-387.92602221
-396.852952735
-264.549020118
-139.091045191
-406.75501971
-0.974283205698
-393.338655861
-265.137856087
-1493.36019902
-128.042289119
-130.67555454
-1503.80240242
-131.257180619
-252.314461801
-264.857674755
-250.626295532
-1.98238506917
-392.790846843
-0.909370693907
-4.33688870386
-263.758555661
-133.420383378
-1496.05203617
-130.559862026
-256.466761756
-131.811099981
-126.644044492
-1484.14631608
-268.799281667
-261.843967777
-129.545487157
-4.2133400382
-280.207641652
-130.216851859
-391.338284102
-1492.33703539
-265.345597774
-254.159791567
-730.731417959
-115.185072957
-132.51154775
-239.398137322
-130.31450338
-1.22728965602
-246.261232394
-122.89344108
-133.151742261
-301.282953718
-127.122826963
-131.282634645
-2.68830000037
-137.39225194
-132.590508785
-251.26080988
-121.415360079
-125.830537554
-132.065132314
-3.05956529411
-0.828664290825
-129.822835585
-132.353145034
-130.615777833
-132.138149236
-3.18352482916
-120.863408921
-121.486861008
-248.524123802
-4.19974613237
-127.274136209
-3.27835199726
-123.286949758
-126.409870999
-114.93775555
-267.833839352
-401.870879985
-122.436685941
-385.375995688
-234.321204792
-3.05883068705
-113.840992383
-116.694418964
-125.564428329
-131.240413617
-257.458432489
-256.294350251
-131.560883642
-122.755486741
-231.056070286
-126.841793617
-125.023860554
-121.950237167
-130.070779964
-130.108456207
-3.50403804271
-5.81647962231
-133.154348319
-250.158817095
-131.703484202
-7.80165928351
-246.092599052
-128.865016724
-264.598538709
-7.20126817981
-265.918529775
-145.036479668
-9.88324843657
-135.512588906
-136.289351589
-376.662734553
-271.548907349
-383.397049164
-126.381795506
-132.277100818
-1.54126084618
-128.846480565
-393.748365447
