-1279.71421589
-1202.60357108
-1429.75551992
-1486.24987415
-1483.05568798
-1439.74546455
-1446.02360543
-1461.9954728
-1446.82481534
-1436.04583605
-1386.25174601
-1352.62449696
-1335.08571512
-1336.62580385
-1301.91611778
-1337.59496796
-1239.96111301
-1263.5707299
-1317.91420482
-1184.71152843
-1272.83297625
-1568.52580194
-1002.21781084
-1364.80591576
-1288.71070745
-731.647762715
-1477.04090281
-1334.9858237
-1210.38518633
-1251.25938202
-1276.36669293
-1337.25566702
-1256.01691871
-1879.55867925
-1475.32670517
-1724.24117374
-1433.26141393
-1616.55975055
-1012.91412344
-1539.47635924
-990.620948939
-1053.61546214
-1725.54838849
-1742.86011966
-1530.08232708
-1186.016503
-1586.1330164
-1183.52028909
-1399.03511499
-1336.5920676
-1313.9797348
-1494.21200141
-1052.65821331
-2.25348673004
-2.50726133307
-953.725099262
-1110.95408895
-1092.56292626
-798.918923787
-1493.32327308
-270.418581465
-134.950968977
-137.566350056
-264.913240841
-1.63224622098
-1.98417490711
-530.044472018
-269.261665525
-134.432967505
-386.603820313
-1192.50071132
-938.779886941
-291.589160691
-712.953502246
-127.409453018
-4.20347262435
-121.410681484
-0.999501252019
-127.454568615
-1367.05446767
-297.983365582
-288.24754407
-251.40421132
-3.7774706807
-413.344183657
-5.2426730208
-382.289397645
-1355.87482369
-1199.21371195
-403.105517928
-407.45922978
-277.666855106
-918.425553828
-518.249636184
-802.296587953
-637.186529985
-737.911825771
-489.685117194
-247.312372622
-123.474122663
-417.458517703
-0.367584270133
-381.848536323
-132.197279336
-132.354018201
-123.846515572
-117.240612854
-262.702970719
-609.793689869
-117.336447633
-135.416190689
-250.539636184
-0.206085362903
-127.750271995
-254.750549942
-135.095976934
-389.368204955
-118.469049713
-128.388879715
-132.513019294
-1.34888927763
-127.411917966
-117.924019501
-129.924870266
-118.915983353
-124.737996638
-128.465838714
-130.768872873
-131.091668937
-377.40239929
-240.825870937
-3.82396151326
-240.007747433
-129.88004816
-126.220644987
-235.477844154
-249.940602634
-257.833828004
-124.852235627
-1.32108669848
-120.905707687
-245.932656993
-125.849878022
-250.238206648
-129.198937643
-0.224953109585
-247.038497535
-120.524594177
-122.959201588
-0.229640984866
-341.850417179
-125.57668283
-300.517203949
-126.271592031
-126.052246632
-127.940365007
-118.870884715
-263.908043347
-245.568181868
-1.4553784362
-120.163639794
-119.913379582
-2.1551883151
-126.320523729
-114.479005328
-120.901972635
-118.362776823
-0.162232624563
-340.048330031
-127.663287685
-115.347345654
-127.452421157
-122.391543121
-123.532588469
-230.464392219
-117.995111112
-237.462474438
-117.596348475
-244.469393986
-1.82678770284
-330.686547307
-230.807066791
-123.14861473
-116.482421858
-129.127236251
-125.29825271
-119.787551807
-234.163390928
-377.080841827
-248.777921312
-0.557974015997
-359.27075631
-123.642410861
-2.11704727591
-627.276546018
-119.620606066
-117.154331003
-344.541135868
-117.967436624
-118.168442188
