-1545.14088694
-1593.7726981
-1287.1633189
-1811.27710436
-1716.57137512
-1725.39606985
-1570.31666175
-1432.66314466
-1476.92245004
-1731.76289966
-1531.2124743
-1716.51359137
-1609.01295641
-1705.95855211
-1549.30228292
-1686.62902037
-1643.27739929
-1451.56233376
-1518.43515104
-1543.86981578
-1732.6300278
-1535.42045437
-1520.93098979
-1424.19466578
-1482.54383636
-1445.02733158
-1510.18354598
-1404.60410505
-1395.22363497
-1494.73658869
-1277.93854844
-1615.63273844
-1499.74260915
-1559.13840948
-1521.6436726
-1129.26704329
-1570.3869249
-1222.72036738
-1269.46392516
-932.847680694
-1263.6935893
-924.814283065
-1272.96297674
-1042.83397363
-1077.79785788
-786.613521399
-408.075504634
-696.653978732
-1126.97041043
-812.815616054
-1116.77841363
-837.950768079
-1414.22582873
-1311.40370179
-977.850466418
-1351.69096485
-940.194670007
-945.918137438
-927.68773412
-1109.5797786
-769.488533674
-885.408765871
-577.690343088
-1013.04867067
-270.45966748
-1136.4724047
-271.985847374
-144.500910825
-975.183612629
-269.956143061
-787.206155008
-535.882058916
-547.262937458
-587.690300297
-1188.7952315
-5.40792950238
-900.233392236
-403.886843308
-830.736527089
-726.320971238
-1395.25402124
-644.344328825
-272.816595118
-15.1801215638
-584.738781645
-623.213899307
-137.205354865
-145.94138342
-141.959299521
-147.454642707
-410.969185307
-277.918794709
-145.942576899
-539.52373542
-273.605180751
-410.306460067
-551.659648875
-280.641950067
-416.209012306
-274.802904527
-415.920241461
-16.993011034
-148.105947988
-410.854056431
-282.05151994
-275.002076548
-139.84317926
-680.029430358
-268.324791091
-424.371305611
-148.307431521
-146.907303795
-539.518022205
-140.58491544
-143.852638482
-135.726597038
-430.96398759
-390.738724977
-410.12397003
-132.511329327
-136.804695848
-410.774900554
-285.823413133
-445.617280441
-398.09105969
-16.0434504153
-308.662514846
-640.968886911
-278.492407899
-144.263450804
-257.882791882
-132.56206663
-131.085944596
-128.606403228
-5.33480917316
-271.70138693
-270.783530197
-136.875784817
-131.84573893
-133.247590561
-295.791703316
-131.609958295
-1.46147864179
-0.515623838662
-128.562277733
-271.993177522
-130.069957077
-124.045278339
-392.127645661
-248.249844496
-245.809534606
-136.790409875
-253.410348869
-251.981376292
-130.597491571
-267.69737223
-135.559710066
-137.728217952
-260.170766375
-140.977558392
-143.251951722
-137.303985617
-259.808877002
-140.351047677
-380.644210016
-145.472044063
-13.5493584899
-266.476756424
-125.878810337
-1197.99257959
-262.597570699
-1188.02619679
-1283.16459144
-955.571650472
-1016.95409708
-1002.00500783
-19.3248608369
-144.944762884
-8.11611517061
-243.868660571
-368.632110473
-1.56864482643
-227.536578837
-1.70500650225
-1.37376411465
-232.895378183
-232.426425413
-306.044115503
-122.008614966
-250.599639046
-129.781913071
-130.458274104
-257.661700564
-129.991219881
-246.535113626
-127.077061411
-248.917232249
-131.408635761
-349.776989077
-132.227950282
